Determining if the pthread_create exist failed with the following output:
Change Dir: /home/students/zoe/atom/build/CMakeFiles/CMakeTmp

Run Build Command:"/usr/bin/make" "cmTC_ec939/fast"
/usr/bin/make -f CMakeFiles/cmTC_ec939.dir/build.make CMakeFiles/cmTC_ec939.dir/build
make[1]: Entering directory '/home/students/zoe/atom/build/CMakeFiles/CMakeTmp'
Building CXX object CMakeFiles/cmTC_ec939.dir/CheckSymbolExists.cxx.o
/usr/bin/c++     -o CMakeFiles/cmTC_ec939.dir/CheckSymbolExists.cxx.o -c /home/students/zoe/atom/build/CMakeFiles/CMakeTmp/CheckSymbolExists.cxx
Linking CXX executable cmTC_ec939
/usr/local/bin/cmake -E cmake_link_script CMakeFiles/cmTC_ec939.dir/link.txt --verbose=1
/usr/bin/c++       CMakeFiles/cmTC_ec939.dir/CheckSymbolExists.cxx.o  -o cmTC_ec939 
CMakeFiles/cmTC_ec939.dir/CheckSymbolExists.cxx.o: In function `main':
CheckSymbolExists.cxx:(.text+0x16): undefined reference to `pthread_create'
collect2: error: ld returned 1 exit status
CMakeFiles/cmTC_ec939.dir/build.make:97: recipe for target 'cmTC_ec939' failed
make[1]: *** [cmTC_ec939] Error 1
make[1]: Leaving directory '/home/students/zoe/atom/build/CMakeFiles/CMakeTmp'
Makefile:126: recipe for target 'cmTC_ec939/fast' failed
make: *** [cmTC_ec939/fast] Error 2

File /home/students/zoe/atom/build/CMakeFiles/CMakeTmp/CheckSymbolExists.cxx:
/* */
#include <pthread.h>

int main(int argc, char** argv)
{
  (void)argv;
#ifndef pthread_create
  return ((int*)(&pthread_create))[argc];
#else
  (void)argc;
  return 0;
#endif
}

Determining if the function pthread_create exists in the pthreads failed with the following output:
Change Dir: /home/students/zoe/atom/build/CMakeFiles/CMakeTmp

Run Build Command:"/usr/bin/make" "cmTC_49b63/fast"
/usr/bin/make -f CMakeFiles/cmTC_49b63.dir/build.make CMakeFiles/cmTC_49b63.dir/build
make[1]: Entering directory '/home/students/zoe/atom/build/CMakeFiles/CMakeTmp'
Building CXX object CMakeFiles/cmTC_49b63.dir/CheckFunctionExists.cxx.o
/usr/bin/c++    -DCHECK_FUNCTION_EXISTS=pthread_create   -o CMakeFiles/cmTC_49b63.dir/CheckFunctionExists.cxx.o -c /home/students/zoe/atom/build/CMakeFiles/CheckLibraryExists/CheckFunctionExists.cxx
Linking CXX executable cmTC_49b63
/usr/local/bin/cmake -E cmake_link_script CMakeFiles/cmTC_49b63.dir/link.txt --verbose=1
/usr/bin/c++   -DCHECK_FUNCTION_EXISTS=pthread_create    CMakeFiles/cmTC_49b63.dir/CheckFunctionExists.cxx.o  -o cmTC_49b63 -lpthreads 
/usr/bin/ld: cannot find -lpthreads
collect2: error: ld returned 1 exit status
CMakeFiles/cmTC_49b63.dir/build.make:97: recipe for target 'cmTC_49b63' failed
make[1]: *** [cmTC_49b63] Error 1
make[1]: Leaving directory '/home/students/zoe/atom/build/CMakeFiles/CMakeTmp'
Makefile:126: recipe for target 'cmTC_49b63/fast' failed
make: *** [cmTC_49b63/fast] Error 2


